os
google.appengine.api
google.appengine.api.memcache
editors
jinja2
bottle
bottle.TEMPLATE_PATH
bottle.Bottle
bottle.debug
bottle.request
bottle.response
bottle.static_file
jinja2
jinja2.Template
sys
os.path
os
__future__
__future__.with_statement
base64
cgi
email.utils
functools
hmac
imp
itertools
mimetypes
\
datetime
datetime.date
tempfile
tempfile.TemporaryFile
traceback
traceback.format_exc
traceback.print_exc
inspect
inspect.getargspec
unicodedata
unicodedata.normalize
gc
sys
unittest
markupsafe
markupsafe.Markup
markupsafe.escape
markupsafe.escape_silent
markupsafe._compat
markupsafe._compat.text_type
sys
markupsafe.Markup
markupsafe._compat.text_type
re
string
collections
collections.Mapping
markupsafe._compat.text_type
markupsafe._compat.string_types
markupsafe._compat.int_types
markupsafe._compat.\
os
sys
weakref
types
types.ModuleType
os
os.path
hashlib
hashlib.sha1
jinja2.exceptions
jinja2.exceptions.TemplateNotFound
jinja2.utils
jinja2.utils.open_if_exists
jinja2.utils.internalcode
jinja2._compat
jinja2._compat.string_types
jinja2._compat.iteritems
re
operator
operator.itemgetter
collections.deque
jinja2.exceptions.TemplateSyntaxError
jinja2.utils.LRUCache
jinja2._compat.next
jinja2._compat.iteritems
jinja2._compat.implements_iterator
jinja2._compat.text_type
jinja2._compat.\
jinja2.nodes
jinja2.defaults
jinja2.defaults.BLOCK_START_STRING
jinja2.defaults.\
jinja2.environment
jinja2.environment.Environment
jinja2.runtime
jinja2.runtime.concat
jinja2.exceptions.TemplateAssertionError
jinja2.exceptions.TemplateSyntaxError
jinja2.utils.contextfunction
jinja2.utils.import_string
jinja2.utils.Markup
jinja2._compat.next
jinja2._compat.with_metaclass
jinja2._compat.string_types
jinja2._compat.iteritems
itertools
itertools.chain
copy
copy.deepcopy
keyword
keyword.iskeyword
jinja2.nodes
jinja2.nodes
jinja2.nodes.EvalContext
jinja2.visitor
jinja2.visitor.NodeVisitor
jinja2.exceptions.TemplateAssertionError
jinja2.utils.Markup
jinja2.utils.concat
jinja2.utils.escape
jinja2._compat.range_type
jinja2._compat.next
jinja2._compat.text_type
jinja2._compat.string_types
jinja2._compat.\
re
jinja2.runtime.Undefined
jinja2._compat.text_type
jinja2._compat.string_types
jinja2._compat.mapping_types
os
sys
jinja2.nodes
jinja2.defaults.BLOCK_START_STRING
jinja2.defaults.\
jinja2.lexer
jinja2.lexer.get_lexer
jinja2.lexer.TokenStream
jinja2.parser
jinja2.parser.Parser
jinja2.nodes.EvalContext
jinja2.optimizer
jinja2.optimizer.optimize
jinja2.compiler
jinja2.compiler.generate
jinja2.runtime.Undefined
jinja2.runtime.new_context
jinja2.exceptions.TemplateSyntaxError
jinja2.exceptions.TemplateNotFound
jinja2.exceptions.\
jinja2.utils.import_string
jinja2.utils.LRUCache
jinja2.utils.Markup
jinja2.utils.missing
jinja2.utils.\
jinja2._compat.imap
jinja2._compat.ifilter
jinja2._compat.string_types
jinja2._compat.iteritems
jinja2._compat.\
functools
functools.reduce
re
math
random
random.choice
operator.itemgetter
itertools.groupby
jinja2.utils.Markup
jinja2.utils.escape
jinja2.utils.pformat
jinja2.utils.urlize
jinja2.utils.soft_unicode
jinja2.utils.\
jinja2.runtime.Undefined
jinja2.exceptions.FilterArgumentError
jinja2._compat.next
jinja2._compat.imap
jinja2._compat.string_types
jinja2._compat.text_type
jinja2._compat.iteritems
sys
operator
jinja2.environment.Environment
jinja2.exceptions.SecurityError
jinja2._compat.string_types
jinja2._compat.function_type
jinja2._compat.method_type
jinja2._compat.\
warnings
collections.deque
operator
collections.deque
jinja2.utils.Markup
jinja2._compat.next
jinja2._compat.izip
jinja2._compat.with_metaclass
jinja2._compat.text_type
jinja2._compat.\
jinja2.nodes
jinja2.visitor.NodeTransformer
os.path
os.listdir
os
stat
sys
errno
marshal
tempfile
fnmatch
hashlib.sha1
jinja2.utils.open_if_exists
jinja2._compat.BytesIO
jinja2._compat.pickle
jinja2._compat.PY2
jinja2._compat.text_type
jinja2._compat.imap
jinja2._compat.text_type
jinja2._compat.PY2
jinja2._compat.implements_to_string
jinja2.nodes
jinja2.compiler.CodeGenerator
jinja2._compat.string_types
itertools.chain
jinja2.nodes.EvalContext
jinja2.nodes._context_function_types
jinja2.utils.Markup
jinja2.utils.soft_unicode
jinja2.utils.escape
jinja2.utils.missing
jinja2.utils.concat
jinja2.utils.\
jinja2.exceptions.UndefinedError
jinja2.exceptions.TemplateRuntimeError
jinja2.exceptions.\
jinja2._compat.next
jinja2._compat.imap
jinja2._compat.text_type
jinja2._compat.iteritems
jinja2._compat.\
sys
traceback
types.TracebackType
jinja2.utils.missing
jinja2.utils.internal_code
jinja2.exceptions.TemplateSyntaxError
jinja2._compat.iteritems
jinja2._compat.reraise
jinja2._compat.code_type
jinja2.environment.Environment
jinja2.environment.Template
jinja2.loaders
jinja2.loaders.BaseLoader
jinja2.loaders.FileSystemLoader
jinja2.loaders.PackageLoader
jinja2.loaders.\
jinja2.bccache
jinja2.bccache.BytecodeCache
jinja2.bccache.FileSystemBytecodeCache
jinja2.bccache.\
jinja2.runtime.Undefined
jinja2.runtime.DebugUndefined
jinja2.runtime.StrictUndefined
jinja2.exceptions.TemplateError
jinja2.exceptions.UndefinedError
jinja2.exceptions.\
jinja2.filters
jinja2.filters.environmentfilter
jinja2.filters.contextfilter
jinja2.filters.\
jinja2.utils.Markup
jinja2.utils.escape
jinja2.utils.clear_caches
jinja2.utils.\
jinja2.nodes
jinja2.exceptions.TemplateSyntaxError
jinja2.exceptions.TemplateAssertionError
jinja2.lexer.describe_token
jinja2.lexer.describe_token_expr
jinja2._compat.next
jinja2._compat.imap
jinja2._compat.range_type
jinja2.utils.generate_lorem_ipsum
jinja2.utils.Cycler
jinja2.utils.Joiner
jinja2.filters.FILTERS
jinja2.tests
jinja2.tests.TESTS
re
errno
collections.deque
jinja2._compat.text_type
jinja2._compat.string_types
jinja2._compat.implements_iterator
jinja2._compat.\
markupsafe.Markup
markupsafe.escape
markupsafe.soft_unicode
jinja2.nodes.Node
jinja2._compat.unichr
re
unittest
jinja2.testsuite
jinja2.testsuite.JinjaTestCase
jinja2.Environment
jinja2.DictLoader
jinja2.contextfunction
jinja2.nodes
jinja2.exceptions.TemplateAssertionError
jinja2.ext
jinja2.ext.Extension
jinja2.lexer.Token
jinja2.lexer.count_newlines
jinja2._compat.next
jinja2._compat.BytesIO
jinja2._compat.itervalues
jinja2._compat.text_type
=
23
unittest
jinja2.testsuite.JinjaTestCase
jinja2.testsuite.package_loader
jinja2.Environment
jinja2.bccache.FileSystemBytecodeCache
jinja2.exceptions.TemplateNotFound
unittest
jinja2.testsuite.JinjaTestCase
jinja2.Markup
jinja2.Environment
unittest
jinja2.testsuite.JinjaTestCase
jinja2.Markup
jinja2.Environment
jinja2._compat.text_type
jinja2._compat.implements_to_string
unittest
jinja2.testsuite.JinjaTestCase
jinja2.Environment
jinja2.DictLoader
jinja2.TemplateError
unittest
doctest
unittest
jinja2.testsuite.JinjaTestCase
jinja2.Environment
jinja2.DictLoader
jinja2.exceptions.TemplateNotFound
jinja2.exceptions.TemplatesNotFound
unittest
jinja2.testsuite.JinjaTestCase
jinja2.Template
jinja2.Environment
jinja2.DictLoader
jinja2.TemplateSyntaxError
jinja2.\
jinja2._compat.text_type
unittest
jinja2.testsuite.JinjaTestCase
jinja2.Environment
jinja2.Template
jinja2.TemplateSyntaxError
jinja2.\
jinja2._compat.next
jinja2._compat.iteritems
jinja2._compat.text_type
jinja2._compat.PY2
jinja2.lexer.Token
jinja2.lexer.TokenStream
jinja2.lexer.TOKEN_EOF
jinja2.lexer.\
unittest
jinja2.testsuite.JinjaTestCase
jinja2.Environment
jinja2.sandbox
jinja2.sandbox.SandboxedEnvironment
jinja2.sandbox.\
jinja2.Markup
jinja2.escape
jinja2.exceptions.SecurityError
jinja2.exceptions.TemplateSyntaxError
jinja2.exceptions.\
jinja2._compat.text_type
unittest
jinja2.testsuite.JinjaTestCase
jinja2.testsuite.filesystem_loader
jinja2.Environment
jinja2.TemplateSyntaxError
os
re
sys
unittest
traceback.format_exception
jinja2.loaders
jinja2._compat.PY2
unittest
jinja2.testsuite.JinjaTestCase
jinja2.Environment
jinja2.TemplateSyntaxError
jinja2.UndefinedError
jinja2.\
gc
unittest
pickle
jinja2.testsuite.JinjaTestCase
jinja2.utils.LRUCache
jinja2.utils.escape
jinja2.utils.object_type_repr
os
sys
tempfile
shutil
unittest
jinja2.testsuite.JinjaTestCase
jinja2.testsuite.dict_loader
jinja2.testsuite.\
jinja2.Environment
jinja2.loaders
jinja2._compat.PYPY
jinja2._compat.PY2
jinja2.loaders.split_template_path
jinja2.exceptions.TemplateNotFound
unittest
os
tempfile
shutil
jinja2.testsuite.JinjaTestCase
jinja2._compat.next
jinja2.Environment
jinja2.Undefined
jinja2.DebugUndefined
jinja2.\
jinja2.utils.Cycler
