urllib
urllib2
google.appengine.ext
google.appengine.ext.db
google.appengine.api.urlfetch
google.appengine.api.urlfetch.DownloadError
datetime
urllib2
datetime
jinja2
os
urllib
wsgiref.util
google.appengine.api
google.appengine.api.users
getentities
datetime
google.appengine.api.users
google.appengine.ext.db
google.appengine.ext.webapp
google.appengine.ext.webapp
google.appengine.ext.webapp.template
google.appengine.ext.webapp.util
google.appengine.ext.webapp.util.run_wsgi_app
os
render
render.render
urllib
os
sys
weakref
types
types.ModuleType
os
os.path
jinja2.exceptions
jinja2.exceptions.TemplateNotFound
jinja2.utils
jinja2.utils.LRUCache
jinja2.utils.open_if_exists
jinja2.utils.internalcode
re
operator
operator.itemgetter
collections
collections.deque
jinja2.exceptions.TemplateSyntaxError
jinja2.utils.LRUCache
jinja2.utils.next
collections.deque
jinja2
jinja2.nodes
jinja2.defaults
jinja2.environment
jinja2.environment.get_spontaneous_environment
jinja2.runtime
jinja2.runtime.Undefined
jinja2.runtime.concat
jinja2.exceptions.TemplateAssertionError
jinja2.exceptions.TemplateSyntaxError
jinja2.utils.contextfunction
jinja2.utils.import_string
jinja2.utils.Markup
jinja2.utils.next
cStringIO
cStringIO.StringIO
itertools
itertools.chain
copy
copy.deepcopy
jinja2.nodes
jinja2.nodes
jinja2.nodes.EvalContext
jinja2.visitor
jinja2.visitor.NodeVisitor
jinja2.visitor.NodeTransformer
jinja2.exceptions.TemplateAssertionError
jinja2.utils.Markup
jinja2.utils.concat
jinja2.utils.escape
jinja2.utils.is_python_keyword
jinja2.utils.next
re
jinja2.runtime.Undefined
os
sys
jinja2.nodes
jinja2.defaults
jinja2.lexer
jinja2.lexer.get_lexer
jinja2.lexer.TokenStream
jinja2.parser
jinja2.parser.Parser
jinja2.optimizer
jinja2.optimizer.optimize
jinja2.compiler
jinja2.compiler.generate
jinja2.runtime.Undefined
jinja2.runtime.new_context
jinja2.exceptions.TemplateSyntaxError
jinja2.exceptions.TemplateNotFound
jinja2.exceptions.\
jinja2.utils.import_string
jinja2.utils.LRUCache
jinja2.utils.Markup
jinja2.utils.missing
jinja2.utils.\
re
math
random
random.choice
operator.itemgetter
itertools.imap
itertools.groupby
jinja2.utils.Markup
jinja2.utils.escape
jinja2.utils.pformat
jinja2.utils.urlize
jinja2.utils.soft_unicode
jinja2.runtime.Undefined
jinja2.exceptions.FilterArgumentError
jinja2.exceptions.SecurityError
operator
jinja2.runtime.Undefined
jinja2.environment.Environment
jinja2.exceptions.SecurityError
jinja2.utils.FunctionType
jinja2.utils.MethodType
jinja2.utils.TracebackType
jinja2.utils.CodeType
jinja2.utils.\
warnings
collections.deque
operator
itertools.chain
itertools.izip
collections.deque
jinja2.utils.Markup
jinja2.nodes
jinja2.visitor.NodeTransformer
os.path
os.listdir
marshal
tempfile
cPickle
fnmatch
cStringIO.StringIO
jinja2.utils.open_if_exists
jinja2.nodes
jinja2.compiler.CodeGenerator
sys
itertools.chain
itertools.imap
jinja2.nodes.EvalContext
jinja2.utils.Markup
jinja2.utils.partial
jinja2.utils.soft_unicode
jinja2.utils.escape
jinja2.utils.missing
jinja2.utils.\
jinja2.exceptions.UndefinedError
jinja2.exceptions.TemplateRuntimeError
jinja2.exceptions.\
sys
traceback
jinja2.utils.CodeType
jinja2.utils.missing
jinja2.utils.internal_code
jinja2.exceptions.TemplateSyntaxError
jinja2.environment.Environment
jinja2.environment.Template
jinja2.loaders
jinja2.loaders.BaseLoader
jinja2.loaders.FileSystemLoader
jinja2.loaders.PackageLoader
jinja2.loaders.\
jinja2.bccache
jinja2.bccache.BytecodeCache
jinja2.bccache.FileSystemBytecodeCache
jinja2.bccache.\
jinja2.runtime.Undefined
jinja2.runtime.DebugUndefined
jinja2.runtime.StrictUndefined
jinja2.exceptions.TemplateError
jinja2.exceptions.UndefinedError
jinja2.exceptions.\
jinja2.filters
jinja2.filters.environmentfilter
jinja2.filters.contextfilter
jinja2.filters.\
jinja2.utils.Markup
jinja2.utils.escape
jinja2.utils.clear_caches
jinja2.utils.\
jinja2.nodes
jinja2.exceptions.TemplateSyntaxError
jinja2.exceptions.TemplateAssertionError
jinja2.utils.next
jinja2.lexer.describe_token
jinja2.lexer.describe_token_expr
jinja2.utils.generate_lorem_ipsum
jinja2.utils.Cycler
jinja2.utils.Joiner
jinja2.filters.FILTERS
jinja2.tests
jinja2.tests.TESTS
re
sys
errno
collections.deque
itertools.imap
keyword
keyword.iskeyword
jinja2.nodes.Node
re
unittest
jinja2.testsuite
jinja2.testsuite.JinjaTestCase
jinja2.testsuite.filesystem_loader
jinja2.Environment
jinja2.DictLoader
jinja2.contextfunction
jinja2.nodes
jinja2.exceptions.TemplateAssertionError
jinja2.ext
jinja2.ext.Extension
jinja2.lexer.Token
jinja2.lexer.count_newlines
jinja2.utils.next
=
23
unittest
jinja2.testsuite.JinjaTestCase
jinja2.Markup
jinja2.Environment
unittest
jinja2.testsuite.JinjaTestCase
jinja2.Markup
jinja2.Environment
os
time
tempfile
unittest
jinja2.testsuite.JinjaTestCase
jinja2.Environment
jinja2.DictLoader
jinja2.exceptions.TemplateSyntaxError
unittest
doctest
os
time
tempfile
unittest
jinja2.testsuite.JinjaTestCase
jinja2.Environment
jinja2.DictLoader
jinja2.exceptions.TemplateNotFound
jinja2.exceptions.TemplatesNotFound
os
time
tempfile
unittest
jinja2.testsuite.JinjaTestCase
jinja2.Template
jinja2.Environment
jinja2.DictLoader
jinja2.TemplateSyntaxError
jinja2.\
os
sys
time
tempfile
unittest
jinja2.testsuite.JinjaTestCase
jinja2.Environment
jinja2.Template
jinja2.TemplateSyntaxError
jinja2.UndefinedError
os
time
tempfile
unittest
jinja2.testsuite.JinjaTestCase
jinja2.Environment
jinja2.sandbox
jinja2.sandbox.SandboxedEnvironment
jinja2.sandbox.\
jinja2.Markup
jinja2.escape
jinja2.exceptions.SecurityError
jinja2.exceptions.TemplateSyntaxError
sys
unittest
jinja2.testsuite.JinjaTestCase
jinja2.testsuite.filesystem_loader
jinja2.Environment
jinja2.TemplateSyntaxError
os
re
sys
unittest
traceback
traceback.format_exception
jinja2.loaders
re
unittest
jinja2.testsuite.JinjaTestCase
jinja2.Environment
jinja2.TemplateSyntaxError
jinja2.UndefinedError
jinja2.\
os
gc
unittest
pickle
jinja2.testsuite.JinjaTestCase
jinja2.Environment
jinja2.Undefined
jinja2.DebugUndefined
jinja2.\
jinja2.utils.LRUCache
jinja2.utils.escape
jinja2.utils.object_type_repr
os
sys
time
tempfile
shutil
unittest
jinja2.testsuite.JinjaTestCase
jinja2.testsuite.dict_loader
jinja2.testsuite.\
jinja2.Environment
jinja2.loaders
jinja2.loaders.split_template_path
jinja2.exceptions.TemplateNotFound
os
time
tempfile
unittest
jinja2.testsuite.JinjaTestCase
jinja2.Environment
jinja2.Undefined
jinja2.DebugUndefined
jinja2.\
jinja2.utils.Cycler
